/gitHubStuff/AUTO4508-Team-2/install/pioneer_robot/lib/python3.12/site-packages/pioneer_robot/waypoint_follower.py
/gitHubStuff/AUTO4508-Team-2/install/pioneer_robot/lib/python3.12/site-packages/pioneer_robot/gps_waypoint_follower.py
/gitHubStuff/AUTO4508-Team-2/install/pioneer_robot/lib/python3.12/site-packages/pioneer_robot/__init__.py
/gitHubStuff/AUTO4508-Team-2/install/pioneer_robot/lib/python3.12/site-packages/pioneer_robot/__pycache__/waypoint_follower.cpython-312.pyc
/gitHubStuff/AUTO4508-Team-2/install/pioneer_robot/lib/python3.12/site-packages/pioneer_robot/__pycache__/gps_waypoint_follower.cpython-312.pyc
/gitHubStuff/AUTO4508-Team-2/install/pioneer_robot/lib/python3.12/site-packages/pioneer_robot/__pycache__/__init__.cpython-312.pyc
/gitHubStuff/AUTO4508-Team-2/install/pioneer_robot/share/ament_index/resource_index/packages/pioneer_robot
/gitHubStuff/AUTO4508-Team-2/install/pioneer_robot/share/pioneer_robot/package.xml
/gitHubStuff/AUTO4508-Team-2/install/pioneer_robot/share/pioneer_robot/resources/launch/sdf.launch.py
/gitHubStuff/AUTO4508-Team-2/install/pioneer_robot/share/pioneer_robot/resources/launch/pioneer_launch.py
/gitHubStuff/AUTO4508-Team-2/install/pioneer_robot/share/pioneer_robot/resources/worlds/basic_urdf.sdf
/gitHubStuff/AUTO4508-Team-2/install/pioneer_robot/share/pioneer_robot/resources/robots/pioneer.urdf
/gitHubStuff/AUTO4508-Team-2/install/pioneer_robot/share/pioneer_robot/resources/meshes/tampa2_mesh.dae
/gitHubStuff/AUTO4508-Team-2/install/pioneer_robot/share/pioneer_robot/resources/meshes/suporte_armControl_mesh.dae
/gitHubStuff/AUTO4508-Team-2/install/pioneer_robot/share/pioneer_robot/resources/meshes/hokuyo1.dae
/gitHubStuff/AUTO4508-Team-2/install/pioneer_robot/share/pioneer_robot/resources/meshes/Coordinates
/gitHubStuff/AUTO4508-Team-2/install/pioneer_robot/share/pioneer_robot/resources/meshes/cone.obj
/gitHubStuff/AUTO4508-Team-2/install/pioneer_robot/share/pioneer_robot/resources/meshes/left_hubcap.dae
/gitHubStuff/AUTO4508-Team-2/install/pioneer_robot/share/pioneer_robot/resources/meshes/back_sonar.dae
/gitHubStuff/AUTO4508-Team-2/install/pioneer_robot/share/pioneer_robot/resources/meshes/wheel.dae
/gitHubStuff/AUTO4508-Team-2/install/pioneer_robot/share/pioneer_robot/resources/meshes/left_hubcap_mesh.dae
/gitHubStuff/AUTO4508-Team-2/install/pioneer_robot/share/pioneer_robot/resources/meshes/suporte_monitor_mesh.dae
/gitHubStuff/AUTO4508-Team-2/install/pioneer_robot/share/pioneer_robot/resources/meshes/kinect.tga
/gitHubStuff/AUTO4508-Team-2/install/pioneer_robot/share/pioneer_robot/resources/meshes/suporte_base_mesh.dae
/gitHubStuff/AUTO4508-Team-2/install/pioneer_robot/share/pioneer_robot/resources/meshes/chassis.dae
/gitHubStuff/AUTO4508-Team-2/install/pioneer_robot/share/pioneer_robot/resources/meshes/tampa4_mesh.dae
/gitHubStuff/AUTO4508-Team-2/install/pioneer_robot/share/pioneer_robot/resources/meshes/axle.dae
/gitHubStuff/AUTO4508-Team-2/install/pioneer_robot/share/pioneer_robot/resources/meshes/tampa1_mesh.dae
/gitHubStuff/AUTO4508-Team-2/install/pioneer_robot/share/pioneer_robot/resources/meshes/back_sonar_mesh.dae
/gitHubStuff/AUTO4508-Team-2/install/pioneer_robot/share/pioneer_robot/resources/meshes/hokuyo.dae
/gitHubStuff/AUTO4508-Team-2/install/pioneer_robot/share/pioneer_robot/resources/meshes/kinect.dae
/gitHubStuff/AUTO4508-Team-2/install/pioneer_robot/share/pioneer_robot/resources/meshes/front_sonar.dae
/gitHubStuff/AUTO4508-Team-2/install/pioneer_robot/share/pioneer_robot/resources/meshes/arm_control_box_mesh.dae
/gitHubStuff/AUTO4508-Team-2/install/pioneer_robot/share/pioneer_robot/resources/meshes/top.dae
/gitHubStuff/AUTO4508-Team-2/install/pioneer_robot/share/pioneer_robot/resources/meshes/tampa3_mesh.dae
/gitHubStuff/AUTO4508-Team-2/install/pioneer_robot/share/pioneer_robot/resources/meshes/suporte_depth_mesh.dae
/gitHubStuff/AUTO4508-Team-2/install/pioneer_robot/share/pioneer_robot/resources/meshes/hokuyo_convex.stl
/gitHubStuff/AUTO4508-Team-2/install/pioneer_robot/share/pioneer_robot/resources/meshes/suporte_kinect_mesh.dae
/gitHubStuff/AUTO4508-Team-2/install/pioneer_robot/share/pioneer_robot/resources/meshes/bucket.obj
/gitHubStuff/AUTO4508-Team-2/install/pioneer_robot/share/pioneer_robot/resources/meshes/tv_mesh.dae
/gitHubStuff/AUTO4508-Team-2/install/pioneer_robot/share/pioneer_robot/resources/meshes/suporte_base_mesh2.dae
/gitHubStuff/AUTO4508-Team-2/install/pioneer_robot/share/pioneer_robot/resources/meshes/right_hubcap.dae
/gitHubStuff/AUTO4508-Team-2/install/pioneer_robot/share/pioneer_robot/resources/meshes/p3at_meshes/Coordinates
/gitHubStuff/AUTO4508-Team-2/install/pioneer_robot/share/pioneer_robot/resources/meshes/p3at_meshes/left_hubcap.dae
/gitHubStuff/AUTO4508-Team-2/install/pioneer_robot/share/pioneer_robot/resources/meshes/p3at_meshes/back_sonar.dae
/gitHubStuff/AUTO4508-Team-2/install/pioneer_robot/share/pioneer_robot/resources/meshes/p3at_meshes/wheel.dae
/gitHubStuff/AUTO4508-Team-2/install/pioneer_robot/share/pioneer_robot/resources/meshes/p3at_meshes/right_hubcap.stl
/gitHubStuff/AUTO4508-Team-2/install/pioneer_robot/share/pioneer_robot/resources/meshes/p3at_meshes/chassis.dae
/gitHubStuff/AUTO4508-Team-2/install/pioneer_robot/share/pioneer_robot/resources/meshes/p3at_meshes/top.stl
/gitHubStuff/AUTO4508-Team-2/install/pioneer_robot/share/pioneer_robot/resources/meshes/p3at_meshes/axle.dae
/gitHubStuff/AUTO4508-Team-2/install/pioneer_robot/share/pioneer_robot/resources/meshes/p3at_meshes/left_hubcap.stl
/gitHubStuff/AUTO4508-Team-2/install/pioneer_robot/share/pioneer_robot/resources/meshes/p3at_meshes/wheel.stl
/gitHubStuff/AUTO4508-Team-2/install/pioneer_robot/share/pioneer_robot/resources/meshes/p3at_meshes/chassis.stl
/gitHubStuff/AUTO4508-Team-2/install/pioneer_robot/share/pioneer_robot/resources/meshes/p3at_meshes/front_sonar.stl
/gitHubStuff/AUTO4508-Team-2/install/pioneer_robot/share/pioneer_robot/resources/meshes/p3at_meshes/front_sonar.dae
/gitHubStuff/AUTO4508-Team-2/install/pioneer_robot/share/pioneer_robot/resources/meshes/p3at_meshes/top.dae
/gitHubStuff/AUTO4508-Team-2/install/pioneer_robot/share/pioneer_robot/resources/meshes/p3at_meshes/axle.stl
/gitHubStuff/AUTO4508-Team-2/install/pioneer_robot/share/pioneer_robot/resources/meshes/p3at_meshes/back_sonar.stl
/gitHubStuff/AUTO4508-Team-2/install/pioneer_robot/share/pioneer_robot/resources/meshes/p3at_meshes/right_hubcap.dae
/gitHubStuff/AUTO4508-Team-2/install/pioneer_robot/share/pioneer_robot/config/nav2_params.yaml
/gitHubStuff/AUTO4508-Team-2/install/pioneer_robot/share/pioneer_robot/config/navsat_params.yaml
/gitHubStuff/AUTO4508-Team-2/install/pioneer_robot/share/pioneer_robot/config/teleop_config.yaml
/gitHubStuff/AUTO4508-Team-2/install/pioneer_robot/share/pioneer_robot/config/slam_params.yaml
/gitHubStuff/AUTO4508-Team-2/install/pioneer_robot/lib/python3.12/site-packages/pioneer_robot-0.0.0-py3.12.egg-info/PKG-INFO
/gitHubStuff/AUTO4508-Team-2/install/pioneer_robot/lib/python3.12/site-packages/pioneer_robot-0.0.0-py3.12.egg-info/entry_points.txt
/gitHubStuff/AUTO4508-Team-2/install/pioneer_robot/lib/python3.12/site-packages/pioneer_robot-0.0.0-py3.12.egg-info/SOURCES.txt
/gitHubStuff/AUTO4508-Team-2/install/pioneer_robot/lib/python3.12/site-packages/pioneer_robot-0.0.0-py3.12.egg-info/zip-safe
/gitHubStuff/AUTO4508-Team-2/install/pioneer_robot/lib/python3.12/site-packages/pioneer_robot-0.0.0-py3.12.egg-info/dependency_links.txt
/gitHubStuff/AUTO4508-Team-2/install/pioneer_robot/lib/python3.12/site-packages/pioneer_robot-0.0.0-py3.12.egg-info/top_level.txt
/gitHubStuff/AUTO4508-Team-2/install/pioneer_robot/lib/python3.12/site-packages/pioneer_robot-0.0.0-py3.12.egg-info/requires.txt
/gitHubStuff/AUTO4508-Team-2/install/pioneer_robot/lib/pioneer_robot/gps_waypoint_follower
/gitHubStuff/AUTO4508-Team-2/install/pioneer_robot/lib/pioneer_robot/waypoint_follower
